0 info it worked if it ends with ok
1 verbose cli [ '/usr/bin/nodejs', '/usr/bin/npm', 'install', 'bower', '-g' ]
2 info using npm@3.10.10
3 info using node@v6.11.0
4 silly loadCurrentTree Starting
5 silly install loadCurrentTree
6 silly install readGlobalPackageData
7 silly fetchPackageMetaData bower
8 silly fetchNamedPackageData bower
9 silly mapToRegistry name bower
10 silly mapToRegistry using default registry
11 silly mapToRegistry registry https://registry.npmjs.org/
12 silly mapToRegistry data Result {
12 silly mapToRegistry   raw: 'bower',
12 silly mapToRegistry   scope: null,
12 silly mapToRegistry   escapedName: 'bower',
12 silly mapToRegistry   name: 'bower',
12 silly mapToRegistry   rawSpec: '',
12 silly mapToRegistry   spec: 'latest',
12 silly mapToRegistry   type: 'tag' }
13 silly mapToRegistry uri https://registry.npmjs.org/bower
14 verbose request uri https://registry.npmjs.org/bower
15 verbose request no auth needed
16 info attempt registry request try #1 at 4:28:07 PM
17 verbose request id 5c915debd07ba3f5
18 verbose etag W/"59529a55-3152f"
19 verbose lastModified Tue, 27 Jun 2017 17:48:05 GMT
20 http request GET https://registry.npmjs.org/bower
21 http 304 https://registry.npmjs.org/bower
22 verbose headers { date: 'Tue, 27 Jun 2017 20:28:08 GMT',
22 verbose headers   via: '1.1 varnish',
22 verbose headers   'cache-control': 'max-age=300',
22 verbose headers   etag: 'W/"59529a55-3152f"',
22 verbose headers   age: '273',
22 verbose headers   connection: 'keep-alive',
22 verbose headers   'x-served-by': 'cache-iad2625-IAD',
22 verbose headers   'x-cache': 'HIT',
22 verbose headers   'x-cache-hits': '3',
22 verbose headers   'x-timer': 'S1498595288.342271,VS0,VE0',
22 verbose headers   vary: 'Accept-Encoding' }
23 silly get cb [ 304,
23 silly get   { date: 'Tue, 27 Jun 2017 20:28:08 GMT',
23 silly get     via: '1.1 varnish',
23 silly get     'cache-control': 'max-age=300',
23 silly get     etag: 'W/"59529a55-3152f"',
23 silly get     age: '273',
23 silly get     connection: 'keep-alive',
23 silly get     'x-served-by': 'cache-iad2625-IAD',
23 silly get     'x-cache': 'HIT',
23 silly get     'x-cache-hits': '3',
23 silly get     'x-timer': 'S1498595288.342271,VS0,VE0',
23 silly get     vary: 'Accept-Encoding' } ]
24 verbose etag https://registry.npmjs.org/bower from cache
25 verbose get saving bower to /home/admin1/.npm/registry.npmjs.org/bower/.cache.json
26 verbose correctMkdir /home/admin1/.npm correctMkdir not in flight; initializing
27 silly install normalizeTree
28 silly loadCurrentTree Finishing
29 silly loadIdealTree Starting
30 silly install loadIdealTree
31 silly cloneCurrentTree Starting
32 silly install cloneCurrentTreeToIdealTree
33 silly cloneCurrentTree Finishing
34 silly loadShrinkwrap Starting
35 silly install loadShrinkwrap
36 silly loadShrinkwrap Finishing
37 silly loadAllDepsIntoIdealTree Starting
38 silly install loadAllDepsIntoIdealTree
39 silly resolveWithNewModule bower@1.8.0 checking installable status
40 silly cache add args [ 'bower', null ]
41 verbose cache add spec bower
42 silly cache add parsed spec Result {
42 silly cache add   raw: 'bower',
42 silly cache add   scope: null,
42 silly cache add   escapedName: 'bower',
42 silly cache add   name: 'bower',
42 silly cache add   rawSpec: '',
42 silly cache add   spec: 'latest',
42 silly cache add   type: 'tag' }
43 silly addNamed bower@latest
44 verbose addNamed "latest" is being treated as a dist-tag for bower
45 info addNameTag [ 'bower', 'latest' ]
46 silly mapToRegistry name bower
47 silly mapToRegistry using default registry
48 silly mapToRegistry registry https://registry.npmjs.org/
49 silly mapToRegistry data Result {
49 silly mapToRegistry   raw: 'bower',
49 silly mapToRegistry   scope: null,
49 silly mapToRegistry   escapedName: 'bower',
49 silly mapToRegistry   name: 'bower',
49 silly mapToRegistry   rawSpec: '',
49 silly mapToRegistry   spec: 'latest',
49 silly mapToRegistry   type: 'tag' }
50 silly mapToRegistry uri https://registry.npmjs.org/bower
51 verbose addNameTag registry:https://registry.npmjs.org/bower not in flight; fetching
52 verbose get https://registry.npmjs.org/bower not expired, no request
53 silly addNameTag next cb for bower with tag latest
54 silly addNamed bower@1.8.0
55 verbose addNamed "1.8.0" is a plain semver version for bower
56 warn deprecated bower@1.8.0: ..psst! While Bower is maintained, we recommend Yarn and Webpack for *new* front-end projects! Yarn's advantage is security and reliability, and Webpack's is support for both CommonJS and AMD projects. Currently there's no migration path but we hope you'll help us figure out one.
57 silly cache afterAdd bower@1.8.0
58 verbose afterAdd /home/admin1/.npm/bower/1.8.0/package/package.json not in flight; writing
59 verbose correctMkdir /home/admin1/.npm correctMkdir not in flight; initializing
60 verbose afterAdd /home/admin1/.npm/bower/1.8.0/package/package.json written
61 silly loadAllDepsIntoIdealTree Finishing
62 silly loadIdealTree Finishing
63 silly currentTree lib
64 silly idealTree lib
64 silly idealTree └── bower@1.8.0
65 silly generateActionsToTake Starting
66 silly install generateActionsToTake
67 warn checkPermissions Missing write access to /usr/lib/node_modules
68 silly rollbackFailedOptional Starting
69 silly rollbackFailedOptional Finishing
70 silly runTopLevelLifecycles Finishing
71 silly install printInstalled
72 verbose stack Error: EACCES: permission denied, access '/usr/lib/node_modules'
72 verbose stack     at Error (native)
73 verbose cwd /home/admin1/wdi/angular/project3/beerApp/beer-app-angular
74 error Linux 4.8.0-56-generic
75 error argv "/usr/bin/nodejs" "/usr/bin/npm" "install" "bower" "-g"
76 error node v6.11.0
77 error npm  v3.10.10
78 error path /usr/lib/node_modules
79 error code EACCES
80 error errno -13
81 error syscall access
82 error Error: EACCES: permission denied, access '/usr/lib/node_modules'
82 error     at Error (native)
82 error  { Error: EACCES: permission denied, access '/usr/lib/node_modules'
82 error     at Error (native)
82 error   errno: -13,
82 error   code: 'EACCES',
82 error   syscall: 'access',
82 error   path: '/usr/lib/node_modules' }
83 error Please try running this command again as root/Administrator.
84 verbose exit [ -13, true ]
